\BOOKMARK [1][-]{section.1}{COMP Superscalar \(COMPSs\)}{}% 1
\BOOKMARK [1][-]{section.2}{Java}{}% 2
\BOOKMARK [2][-]{subsection.2.1}{Programming Model}{section.2}% 3
\BOOKMARK [3][-]{subsubsection.2.1.1}{Main application code}{subsection.2.1}% 4
\BOOKMARK [3][-]{subsubsection.2.1.2}{Remote methods code}{subsection.2.1}% 5
\BOOKMARK [3][-]{subsubsection.2.1.3}{Java annotated interface}{subsection.2.1}% 6
\BOOKMARK [3][-]{subsubsection.2.1.4}{Alternative method implementations}{subsection.2.1}% 7
\BOOKMARK [2][-]{subsection.2.2}{Application Compilation}{section.2}% 8
\BOOKMARK [2][-]{subsection.2.3}{Application Execution}{section.2}% 9
\BOOKMARK [1][-]{section.3}{Python Binding}{}% 10
\BOOKMARK [2][-]{subsection.3.1}{Programming Model}{section.3}% 11
\BOOKMARK [3][-]{subsubsection.3.1.1}{Task Selection}{subsection.3.1}% 12
\BOOKMARK [3][-]{subsubsection.3.1.2}{Constraints}{subsection.3.1}% 13
\BOOKMARK [3][-]{subsubsection.3.1.3}{Main Program}{subsection.3.1}% 14
\BOOKMARK [3][-]{subsubsection.3.1.4}{Important Notes}{subsection.3.1}% 15
\BOOKMARK [2][-]{subsection.3.2}{Application Execution}{section.3}% 16
\BOOKMARK [3][-]{subsubsection.3.2.1}{Environment}{subsection.3.2}% 17
\BOOKMARK [3][-]{subsubsection.3.2.2}{Command}{subsection.3.2}% 18
\BOOKMARK [1][-]{section.4}{C/C++ Binding}{}% 19
\BOOKMARK [2][-]{subsection.4.1}{Programming Model}{section.4}% 20
\BOOKMARK [3][-]{subsubsection.4.1.1}{Task Selection}{subsection.4.1}% 21
\BOOKMARK [3][-]{subsubsection.4.1.2}{Value and Object return}{subsection.4.1}% 22
\BOOKMARK [3][-]{subsubsection.4.1.3}{Main Program}{subsection.4.1}% 23
\BOOKMARK [3][-]{subsubsection.4.1.4}{Functions file}{subsection.4.1}% 24
\BOOKMARK [3][-]{subsubsection.4.1.5}{Additional source Files}{subsection.4.1}% 25
\BOOKMARK [3][-]{subsubsection.4.1.6}{Class Serialization}{subsection.4.1}% 26
\BOOKMARK [3][-]{subsubsection.4.1.7}{Method - Task}{subsection.4.1}% 27
\BOOKMARK [3][-]{subsubsection.4.1.8}{Task Constraints}{subsection.4.1}% 28
\BOOKMARK [3][-]{subsubsection.4.1.9}{Task Versions}{subsection.4.1}% 29
\BOOKMARK [2][-]{subsection.4.2}{Application Compilation}{section.4}% 30
\BOOKMARK [2][-]{subsection.4.3}{Application Execution}{section.4}% 31
\BOOKMARK [2][-]{subsection.4.4}{Execution Graph}{section.4}% 32
\BOOKMARK [1][-]{section.5}{Constraints}{}% 33
\BOOKMARK [1][-]{section.6}{Known Limitations}{}% 34
